{"/Users/nik/Desktop/RS-REACT-2023/src/App.tsx": {"path":"/Users/nik/Desktop/RS-REACT-2023/src/App.tsx","statementMap":{"0":{"start":{"line":20,"column":4},"end":{"line":23,"column":null}},"1":{"start":{"line":20,"column":30},"end":{"line":23,"column":null}},"2":{"start":{"line":11,"column":4},"end":{"line":11,"column":null}},"3":{"start":{"line":12,"column":4},"end":{"line":14,"column":null}},"4":{"start":{"line":16,"column":4},"end":{"line":16,"column":null}}},"fnMap":{"0":{"name":"(anonymous_0)","decl":{"start":{"line":19,"column":2},"end":{"line":19,"column":17}},"loc":{"start":{"line":19,"column":41},"end":{"line":24,"column":null}}},"1":{"name":"(anonymous_1)","decl":{"start":{"line":20,"column":18},"end":{"line":20,"column":19}},"loc":{"start":{"line":20,"column":30},"end":{"line":23,"column":null}}},"2":{"name":"(anonymous_2)","decl":{"start":{"line":26,"column":2},"end":{"line":26,"column":11}},"loc":{"start":{"line":26,"column":11},"end":{"line":37,"column":null}}},"3":{"name":"(anonymous_3)","decl":{"start":{"line":10,"column":2},"end":{"line":10,"column":14}},"loc":{"start":{"line":10,"column":29},"end":{"line":17,"column":null}}},"4":{"name":"(anonymous_4)","decl":{"start":{"line":41,"column":2},"end":{"line":41,"column":11}},"loc":{"start":{"line":41,"column":11},"end":{"line":47,"column":null}}}},"branchMap":{},"s":{"0":6,"1":6,"2":6,"3":6,"4":6},"f":{"0":6,"1":6,"2":12,"3":6,"4":3},"b":{}}
,"/Users/nik/Desktop/RS-REACT-2023/src/components/Header.tsx": {"path":"/Users/nik/Desktop/RS-REACT-2023/src/components/Header.tsx","statementMap":{"0":{"start":{"line":9,"column":4},"end":{"line":19,"column":null}},"1":{"start":{"line":6,"column":4},"end":{"line":6,"column":null}}},"fnMap":{"0":{"name":"(anonymous_0)","decl":{"start":{"line":8,"column":2},"end":{"line":8,"column":11}},"loc":{"start":{"line":8,"column":11},"end":{"line":20,"column":null}}},"1":{"name":"(anonymous_1)","decl":{"start":{"line":5,"column":2},"end":{"line":5,"column":14}},"loc":{"start":{"line":5,"column":43},"end":{"line":7,"column":null}}}},"branchMap":{"0":{"loc":{"start":{"line":9,"column":11},"end":{"line":19,"column":null}},"type":"cond-expr","locations":[{"start":{"line":10,"column":6},"end":{"line":18,"column":7}},{"start":{"line":18,"column":6},"end":{"line":19,"column":null}}]}},"s":{"0":12,"1":6},"f":{"0":12,"1":6},"b":{"0":[11,1]}}
,"/Users/nik/Desktop/RS-REACT-2023/src/components/SearchBar.tsx": {"path":"/Users/nik/Desktop/RS-REACT-2023/src/components/SearchBar.tsx","statementMap":{"0":{"start":{"line":17,"column":27},"end":{"line":17,"column":null}},"1":{"start":{"line":18,"column":4},"end":{"line":21,"column":null}},"2":{"start":{"line":18,"column":30},"end":{"line":21,"column":null}},"3":{"start":{"line":27,"column":4},"end":{"line":27,"column":null}},"4":{"start":{"line":27,"column":29},"end":{"line":27,"column":null}},"5":{"start":{"line":29,"column":4},"end":{"line":29,"column":null}},"6":{"start":{"line":33,"column":4},"end":{"line":36,"column":null}},"7":{"start":{"line":7,"column":4},"end":{"line":7,"column":null}},"8":{"start":{"line":8,"column":4},"end":{"line":11,"column":null}},"9":{"start":{"line":13,"column":4},"end":{"line":13,"column":null}}},"fnMap":{"0":{"name":"(anonymous_0)","decl":{"start":{"line":16,"column":2},"end":{"line":16,"column":22}},"loc":{"start":{"line":16,"column":22},"end":{"line":22,"column":null}}},"1":{"name":"(anonymous_1)","decl":{"start":{"line":18,"column":18},"end":{"line":18,"column":19}},"loc":{"start":{"line":18,"column":30},"end":{"line":21,"column":null}}},"2":{"name":"(anonymous_2)","decl":{"start":{"line":24,"column":2},"end":{"line":24,"column":25}},"loc":{"start":{"line":24,"column":25},"end":{"line":30,"column":null}}},"3":{"name":"(anonymous_3)","decl":{"start":{"line":32,"column":2},"end":{"line":32,"column":15}},"loc":{"start":{"line":32,"column":55},"end":{"line":37,"column":null}}},"4":{"name":"(anonymous_4)","decl":{"start":{"line":39,"column":2},"end":{"line":39,"column":11}},"loc":{"start":{"line":39,"column":11},"end":{"line":53,"column":null}}},"5":{"name":"(anonymous_5)","decl":{"start":{"line":6,"column":2},"end":{"line":6,"column":14}},"loc":{"start":{"line":6,"column":29},"end":{"line":14,"column":null}}}},"branchMap":{"0":{"loc":{"start":{"line":27,"column":4},"end":{"line":27,"column":null}},"type":"if","locations":[{"start":{"line":27,"column":4},"end":{"line":27,"column":null}},{"start":{"line":27,"column":4},"end":{"line":27,"column":null}}]}},"s":{"0":4,"1":4,"2":4,"3":4,"4":3,"5":1,"6":1,"7":4,"8":4,"9":4},"f":{"0":4,"1":4,"2":4,"3":1,"4":13,"5":4},"b":{"0":[3,1]}}
,"/Users/nik/Desktop/RS-REACT-2023/src/pages/About.tsx": {"path":"/Users/nik/Desktop/RS-REACT-2023/src/pages/About.tsx","statementMap":{"0":{"start":{"line":5,"column":4},"end":{"line":5,"column":null}},"1":{"start":{"line":6,"column":4},"end":{"line":6,"column":null}}},"fnMap":{"0":{"name":"(anonymous_0)","decl":{"start":{"line":8,"column":2},"end":{"line":8,"column":11}},"loc":{"start":{"line":8,"column":11},"end":{"line":14,"column":null}}},"1":{"name":"(anonymous_1)","decl":{"start":{"line":4,"column":2},"end":{"line":4,"column":14}},"loc":{"start":{"line":4,"column":69},"end":{"line":7,"column":null}}}},"branchMap":{},"s":{"0":1,"1":1},"f":{"0":2,"1":1},"b":{}}
,"/Users/nik/Desktop/RS-REACT-2023/src/pages/Main.tsx": {"path":"/Users/nik/Desktop/RS-REACT-2023/src/pages/Main.tsx","statementMap":{"0":{"start":{"line":7,"column":4},"end":{"line":7,"column":null}},"1":{"start":{"line":8,"column":4},"end":{"line":8,"column":null}}},"fnMap":{"0":{"name":"(anonymous_0)","decl":{"start":{"line":10,"column":2},"end":{"line":10,"column":11}},"loc":{"start":{"line":10,"column":11},"end":{"line":17,"column":null}}},"1":{"name":"(anonymous_1)","decl":{"start":{"line":6,"column":2},"end":{"line":6,"column":14}},"loc":{"start":{"line":6,"column":69},"end":{"line":9,"column":null}}}},"branchMap":{},"s":{"0":4,"1":4},"f":{"0":8,"1":4},"b":{}}
,"/Users/nik/Desktop/RS-REACT-2023/src/pages/Page404.tsx": {"path":"/Users/nik/Desktop/RS-REACT-2023/src/pages/Page404.tsx","statementMap":{"0":{"start":{"line":6,"column":4},"end":{"line":6,"column":null}},"1":{"start":{"line":7,"column":4},"end":{"line":7,"column":null}}},"fnMap":{"0":{"name":"(anonymous_0)","decl":{"start":{"line":10,"column":2},"end":{"line":10,"column":11}},"loc":{"start":{"line":10,"column":11},"end":{"line":18,"column":null}}},"1":{"name":"(anonymous_1)","decl":{"start":{"line":5,"column":2},"end":{"line":5,"column":14}},"loc":{"start":{"line":5,"column":69},"end":{"line":8,"column":null}}}},"branchMap":{},"s":{"0":1,"1":1},"f":{"0":2,"1":1},"b":{}}
}
